\BOOKMARK [0][-]{dummy.4}{\376\377\000C\000o\000n\000t\000e\000n\000t\000s}{}% 1
\BOOKMARK [0][-]{chapter.6}{\376\377\0001\000\040\000I\000n\000t\000r\000o\000d\000u\000c\000t\000i\000o\000n}{}% 2
\BOOKMARK [1][-]{section.7}{\376\377\0001\000.\0001\000\040\000M\000o\000t\000i\000v\000a\000t\000i\000o\000n}{chapter.6}% 3
\BOOKMARK [0][-]{chapter.8}{\376\377\0002\000\040\000B\000u\000i\000l\000d\000i\000n\000g\000\040\000a\000\040\000m\000a\000n\000y\000\040\000e\000l\000e\000c\000t\000r\000o\000n\000\040\000m\000o\000d\000e\000l}{}% 4
\BOOKMARK [1][-]{section.9}{\376\377\0002\000.\0001\000\040\000S\000c\000h\000r\000\366\000d\000i\000n\000g\000e\000r\000\040\000e\000q\000u\000a\000t\000i\000o\000n\000\040\000f\000o\000r\000\040\000a\000\040\000o\000n\000e\000-\000e\000l\000e\000c\000t\000r\000o\000n\000\040\000s\000y\000s\000t\000e\000m}{chapter.8}% 5
\BOOKMARK [1][-]{section.15}{\376\377\0002\000.\0002\000\040\000T\000h\000e\000\040\000H\000a\000m\000i\000l\000t\000o\000n\000i\000a\000n\000\040\000f\000o\000r\000\040\000a\000\040\000m\000a\000n\000y\000\040\000e\000l\000e\000c\000t\000r\000o\000n\000\040\000s\000y\000s\000t\000e\000m}{chapter.8}% 6
\BOOKMARK [1][-]{section.23}{\376\377\0002\000.\0003\000\040\000T\000h\000e\000\040\000B\000r\000e\000i\000t\000-\000P\000a\000u\000l\000i\000\040\000H\000a\000m\000i\000l\000t\000o\000n\000i\000a\000n}{chapter.8}% 7
\BOOKMARK [1][-]{section.30}{\376\377\0002\000.\0004\000\040\000A\000p\000p\000r\000o\000x\000i\000m\000a\000t\000e\000\040\000s\000o\000l\000u\000t\000i\000o\000n\000s\000\040\000t\000o\000\040\000t\000h\000e\000\040\000S\000c\000h\000r\000\366\000d\000i\000n\000g\000e\000r\000\040\000\040\000e\000q\000u\000a\000t\000i\000o\000n}{chapter.8}% 8
\BOOKMARK [2][-]{subsection.31}{\376\377\0002\000.\0004\000.\0001\000\040\000C\000e\000n\000t\000r\000a\000l\000-\000f\000i\000e\000l\000d\000\040\000a\000p\000p\000r\000o\000x\000i\000m\000a\000t\000i\000o\000n\000\040\000a\000n\000d\000\040\000H\000a\000r\000t\000r\000e\000e\000'\000s\000\040\000m\000e\000t\000h\000o\000d}{section.30}% 9
\BOOKMARK [2][-]{subsection.41}{\376\377\0002\000.\0004\000.\0002\000\040\000H\000a\000r\000t\000r\000e\000e\000-\000F\000o\000c\000k\000\040\000a\000p\000p\000r\000o\000x\000i\000m\000a\000t\000i\000o\000n}{section.30}% 10
\BOOKMARK [2][-]{subsection.51}{\376\377\0002\000.\0004\000.\0003\000\040\000T\000h\000e\000\040\000c\000o\000n\000f\000i\000g\000u\000r\000a\000t\000i\000o\000n\000-\000i\000n\000t\000e\000r\000a\000c\000t\000i\000o\000n\000\040\000m\000e\000t\000h\000o\000d}{section.30}% 11
\BOOKMARK [1][-]{section.57}{\376\377\0002\000.\0005\000\040\000T\000r\000a\000n\000s\000i\000t\000i\000o\000n\000\040\000p\000r\000o\000b\000a\000b\000i\000l\000i\000t\000i\000e\000s}{chapter.8}% 12
\BOOKMARK [1][-]{section.65}{\376\377\0002\000.\0006\000\040\000O\000s\000c\000i\000l\000l\000a\000t\000o\000r\000\040\000s\000t\000r\000e\000n\000g\000t\000h\000s}{chapter.8}% 13
\BOOKMARK [1][-]{section.73}{\376\377\0002\000.\0007\000\040\000c\000i\000v\0003}{chapter.8}% 14
\BOOKMARK [1][-]{section.74}{\376\377\0002\000.\0008\000\040\000g\000r\000a\000s\000p\0000}{chapter.8}% 15
\BOOKMARK [1][-]{section.78}{\376\377\0002\000.\0009\000\040\000A\000l\000t\000e\000r\000n\000a\000t\000i\000v\000e\000\040\000c\000o\000m\000p\000u\000t\000e\000r\000\040\000p\000a\000c\000k\000a\000g\000e\000s}{chapter.8}% 16
\BOOKMARK [2][-]{subsection.79}{\376\377\0002\000.\0009\000.\0001\000\040\000T\000h\000e\000\040\000C\000o\000w\000a\000n\000\040\000c\000o\000d\000e}{section.78}% 17
\BOOKMARK [2][-]{subsection.80}{\376\377\0002\000.\0009\000.\0002\000\040\000M\000u\000l\000t\000i\000-\000c\000o\000n\000f\000i\000g\000u\000r\000a\000t\000i\000o\000n\000\040\000H\000a\000r\000t\000r\000e\000e\000-\000F\000o\000c\000k\000\040\000-\000\040\000m\000c\000h\000f}{section.78}% 18
\BOOKMARK [2][-]{subsection.81}{\376\377\0002\000.\0009\000.\0003\000\040\000a\000u\000t\000o\000s\000t\000r\000u\000c\000t\000u\000r\000e}{section.78}% 19
\BOOKMARK [1][-]{section.82}{\376\377\0002\000.\0001\0000\000\040\000S\000e\000l\000e\000c\000t\000i\000n\000g\000\040\000c\000o\000n\000f\000i\000g\000u\000r\000a\000t\000i\000o\000n\000s}{chapter.8}% 20
\BOOKMARK [1][-]{section.84}{\376\377\0002\000.\0001\0001\000\040\000S\000e\000l\000e\000c\000t\000i\000o\000n\000\040\000r\000u\000l\000e\000s}{chapter.8}% 21
\BOOKMARK [0][-]{chapter.85}{\376\377\0003\000\040\000T\000h\000e\000\040\000R\000-\000m\000a\000t\000r\000i\000x\000\040\000m\000e\000t\000h\000o\000d}{}% 22
\BOOKMARK [1][-]{section.86}{\376\377\0003\000.\0001\000\040\000P\000h\000o\000t\000o\000n\000\040\000a\000n\000d\000\040\000e\000l\000e\000c\000t\000r\000o\000n\000\040\000i\000n\000t\000e\000r\000a\000c\000t\000i\000o\000n\000s}{chapter.85}% 23
\BOOKMARK [1][-]{section.89}{\376\377\0003\000.\0002\000\040\000R\000-\000m\000a\000t\000r\000i\000x\000\040\000t\000h\000e\000o\000r\000y}{chapter.85}% 24
\BOOKMARK [1][-]{section.91}{\376\377\0003\000.\0003\000\040\000D\000e\000s\000c\000r\000i\000b\000i\000n\000g\000\040\000t\000h\000e\000\040\000t\000a\000r\000g\000e\000t}{chapter.85}% 25
\BOOKMARK [1][-]{section.94}{\376\377\0003\000.\0004\000\040\000T\000h\000e\000\040\000i\000n\000t\000e\000r\000n\000a\000l\000\040\000r\000e\000g\000i\000o\000n}{chapter.85}% 26
\BOOKMARK [2][-]{subsection.109}{\376\377\0003\000.\0004\000.\0001\000\040\000T\000h\000e\000\040\000B\000u\000t\000t\000l\000e\000\040\000c\000o\000r\000r\000e\000c\000t\000i\000o\000n}{section.94}% 27
\BOOKMARK [1][-]{section.113}{\376\377\0003\000.\0005\000\040\000T\000h\000e\000\040\000e\000x\000t\000e\000r\000n\000a\000l\000\040\000r\000e\000g\000i\000o\000n}{chapter.85}% 28
\BOOKMARK [1][-]{section.121}{\376\377\0003\000.\0006\000\040\000M\000a\000t\000c\000h\000i\000n\000g\000\040\000o\000f\000\040\000s\000o\000l\000u\000t\000i\000o\000n\000s}{chapter.85}% 29
\BOOKMARK [2][-]{subsection.122}{\376\377\0003\000.\0006\000.\0001\000\040\000O\000p\000e\000n\000\040\000c\000h\000a\000n\000n\000e\000l\000s}{section.121}% 30
\BOOKMARK [2][-]{subsection.129}{\376\377\0003\000.\0006\000.\0002\000\040\000C\000l\000o\000s\000e\000d\000\040\000c\000h\000a\000n\000n\000e\000l\000s\000\040\000-\000\040\000b\000o\000u\000n\000d\000\040\000s\000t\000a\000t\000e\000s}{section.121}% 31
\BOOKMARK [1][-]{section.132}{\376\377\0003\000.\0007\000\040\000E\000l\000e\000c\000t\000r\000o\000n\000-\000i\000m\000p\000a\000c\000t\000\040\000e\000x\000c\000i\000t\000a\000t\000i\000o\000n}{chapter.85}% 32
\BOOKMARK [1][-]{section.141}{\376\377\0003\000.\0008\000\040\000P\000h\000o\000t\000o\000i\000o\000n\000i\000z\000a\000t\000i\000o\000n}{chapter.85}% 33
\BOOKMARK [1][-]{section.149}{\376\377\0003\000.\0009\000\040\000D\000i\000p\000o\000l\000e\000\040\000a\000p\000p\000r\000o\000x\000i\000m\000a\000t\000i\000o\000n\000s}{chapter.85}% 34
\BOOKMARK [1][-]{section.155}{\376\377\0003\000.\0001\0000\000\040\000I\000n\000c\000l\000u\000s\000i\000o\000n\000\040\000o\000f\000\040\000r\000e\000l\000a\000t\000i\000v\000i\000s\000t\000i\000c\000\040\000e\000f\000f\000e\000c\000t\000s}{chapter.85}% 35
\BOOKMARK [2][-]{subsection.156}{\376\377\0003\000.\0001\0000\000.\0001\000\040\000V\000i\000a\000\040\000t\000h\000e\000\040\000B\000r\000e\000i\000t\000-\000P\000a\000u\000l\000i\000\040\000o\000p\000e\000r\000a\000t\000o\000r}{section.155}% 36
\BOOKMARK [2][-]{subsection.159}{\376\377\0003\000.\0001\0000\000.\0002\000\040\000V\000i\000a\000\040\000t\000h\000e\000\040\000D\000i\000r\000a\000c\000\040\000o\000p\000e\000r\000a\000t\000o\000r}{section.155}% 37
\BOOKMARK [1][-]{section.161}{\376\377\0003\000.\0001\0001\000\040\000T\000h\000e\000\040\000R\000-\000m\000a\000t\000r\000i\000x\000\040\000c\000o\000d\000e\000s}{chapter.85}% 38
\BOOKMARK [2][-]{subsection.163}{\376\377\0003\000.\0001\0001\000.\0001\000\040\000P\000a\000r\000a\000l\000l\000e\000l\000\040\000B\000r\000e\000i\000t\000-\000P\000a\000u\000l\000i\000\040\000c\000o\000d\000e\000s}{section.161}% 39
\BOOKMARK [2][-]{subsection.164}{\376\377\0003\000.\0001\0001\000.\0002\000\040\000P\000a\000r\000a\000l\000l\000e\000l\000\040\000D\000i\000r\000a\000c\000\040\000a\000t\000o\000m\000i\000c\000\040\000R\000-\000m\000a\000t\000r\000i\000x\000\040\000c\000o\000d\000e\000s}{section.161}% 40
\BOOKMARK [1][-]{section.165}{\376\377\0003\000.\0001\0002\000\040\000T\000h\000e\000\040\000Q\000B\000\040\000m\000e\000t\000h\000o\000d}{chapter.85}% 41
\BOOKMARK [0][-]{chapter.173}{\376\377\0004\000\040\000S\000p\000e\000c\000t\000r\000a\000l\000\040\000m\000o\000d\000e\000l\000l\000i\000n\000g\000\040\000f\000o\000r\000\040\000a\000s\000t\000r\000o\000p\000h\000y\000s\000i\000c\000s}{}% 42
\BOOKMARK [1][-]{section.174}{\376\377\0004\000.\0001\000\040\000I\000n\000t\000r\000o\000d\000u\000c\000t\000i\000o\000n}{chapter.173}% 43
\BOOKMARK [1][-]{section.176}{\376\377\0004\000.\0002\000\040\000C\000o\000l\000l\000i\000s\000i\000o\000n\000a\000l\000\040\000r\000a\000d\000i\000a\000t\000i\000v\000e\000\040\000m\000o\000d\000e\000l\000l\000i\000n\000g}{chapter.173}% 44
\BOOKMARK [1][-]{section.186}{\376\377\0004\000.\0003\000\040\000I\000m\000p\000l\000e\000m\000e\000n\000t\000a\000t\000i\000o\000n}{chapter.173}% 45
\BOOKMARK [2][-]{subsection.187}{\376\377\0004\000.\0003\000.\0001\000\040\000T\000e\000s\000t\000\040\000c\000a\000s\000e\000:\000\040\000A\000r\000+}{section.186}% 46
\BOOKMARK [1][-]{section.190}{\376\377\0004\000.\0004\000\040\000R\000a\000d\000i\000a\000t\000i\000v\000e\000\040\000a\000n\000d\000\040\000d\000i\000e\000l\000e\000c\000t\000r\000o\000n\000i\000c\000\040\000r\000e\000c\000o\000m\000b\000i\000n\000a\000t\000i\000o\000n\000\040\000r\000a\000t\000e\000\040\000c\000o\000e\000f\000f\000i\000c\000i\000e\000n\000t\000s}{chapter.173}% 47
\BOOKMARK [0][-]{chapter.196}{\376\377\0005\000\040\000S\000i\000n\000g\000l\000e\000\040\000p\000h\000o\000t\000o\000i\000o\000n\000i\000z\000a\000t\000i\000o\000n\000\040\000a\000n\000d\000\040\000r\000e\000s\000o\000n\000a\000n\000c\000e\000\040\000i\000d\000e\000n\000t\000i\000f\000i\000c\000a\000t\000i\000o\000n\000\040\000o\000f\000\040\000S\0008\000+}{}% 48
\BOOKMARK [1][-]{section.197}{\376\377\0005\000.\0001\000\040\000I\000n\000t\000r\000o\000d\000u\000c\000t\000i\000o\000n}{chapter.196}% 49
\BOOKMARK [1][-]{section.203}{\376\377\0005\000.\0002\000\040\000T\000a\000r\000g\000e\000t\000\040\000m\000o\000d\000e\000l}{chapter.196}% 50
\BOOKMARK [1][-]{section.204}{\376\377\0005\000.\0003\000\040\000R\000e\000s\000u\000l\000t\000s\000\040\000a\000n\000d\000\040\000d\000i\000s\000c\000u\000s\000s\000i\000o\000n\000s}{chapter.196}% 51
\BOOKMARK [1][-]{section.211}{\376\377\0005\000.\0004\000\040\000R\000e\000s\000o\000n\000a\000n\000c\000e\000\040\000i\000d\000e\000n\000t\000i\000f\000i\000c\000a\000t\000i\000o\000n}{chapter.196}% 52
\BOOKMARK [1][-]{section.216}{\376\377\0005\000.\0005\000\040\000C\000o\000n\000c\000l\000u\000s\000i\000o\000n\000s}{chapter.196}% 53
\BOOKMARK [0][-]{chapter.219}{\376\377\0006\000\040\000V\000a\000l\000e\000n\000c\000e\000\040\000a\000n\000d\000\040\000L\0002\000-\000s\000h\000e\000l\000l\000\040\000p\000h\000o\000t\000o\000i\000o\000n\000i\000z\000a\000t\000i\000o\000n\000\040\000o\000f\000\040\000A\000r\000+\000\040\000u\000s\000i\000n\000g\000\040\000r\000e\000l\000a\000t\000i\000v\000i\000s\000t\000i\000c\000\040\000a\000n\000d\000\040\000s\000e\000m\000i\000-\000r\000e\000l\000a\000t\000i\000v\000i\000s\000t\000i\000c\000\040\000a\000p\000p\000r\000o\000a\000c\000h\000e\000s}{}% 54
\BOOKMARK [1][-]{section.220}{\376\377\0006\000.\0001\000\040\000I\000n\000t\000r\000o\000d\000u\000c\000t\000i\000o\000n}{chapter.219}% 55
\BOOKMARK [1][-]{section.221}{\376\377\0006\000.\0002\000\040\000S\000t\000r\000u\000c\000t\000u\000r\000e\000\040\000m\000o\000d\000e\000l}{chapter.219}% 56
\BOOKMARK [1][-]{section.231}{\376\377\0006\000.\0003\000\040\000R\000e\000s\000u\000l\000t\000s}{chapter.219}% 57
\BOOKMARK [2][-]{subsection.234}{\376\377\0006\000.\0003\000.\0001\000\040\000V\000a\000l\000e\000n\000c\000e\000\040\000s\000h\000e\000l\000l\000\040\000p\000h\000o\000t\000o\000i\000o\000n\000i\000z\000a\000t\000i\000o\000n}{section.231}% 58
\BOOKMARK [2][-]{subsection.239}{\376\377\0006\000.\0003\000.\0002\000\040\000L\0002\000-\000s\000h\000e\000l\000l\000\040\000p\000h\000o\000t\000o\000i\000o\000n\000i\000z\000a\000t\000i\000o\000n}{section.231}% 59
\BOOKMARK [1][-]{section.243}{\376\377\0006\000.\0004\000\040\000C\000o\000n\000c\000l\000u\000s\000i\000o\000n\000s}{chapter.219}% 60
\BOOKMARK [0][-]{chapter.244}{\376\377\0007\000\040\000P\000h\000o\000t\000o\000i\000o\000n\000i\000z\000a\000t\000i\000o\000n\000\040\000o\000f\000\040\000C\000o\000+\000\040\000a\000n\000d\000\040\000e\000l\000e\000c\000t\000r\000o\000n\000-\000i\000m\000p\000a\000c\000t\000\040\000e\000x\000c\000i\000t\000a\000t\000i\000o\000n\000\040\000o\000f\000\040\000C\000o\0002\000+}{}% 61
\BOOKMARK [1][-]{section.245}{\376\377\0007\000.\0001\000\040\000I\000n\000t\000r\000o\000d\000u\000c\000t\000i\000o\000n}{chapter.244}% 62
\BOOKMARK [1][-]{section.246}{\376\377\0007\000.\0002\000\040\000I\000m\000p\000o\000r\000t\000a\000n\000t\000\040\000t\000r\000a\000n\000s\000i\000t\000i\000o\000n\000s\000\040\000f\000o\000r\000\040\000s\000y\000n\000t\000h\000e\000t\000i\000c\000\040\000s\000p\000e\000c\000t\000r\000a\000l\000\040\000\040\000m\000o\000d\000e\000l\000l\000i\000n\000g}{chapter.244}% 63
\BOOKMARK [2][-]{subsection.248}{\376\377\0007\000.\0002\000.\0001\000\040\000T\000a\000r\000g\000e\000t\000\040\000d\000e\000s\000c\000r\000i\000p\000t\000i\000o\000n\000\040\000a\000n\000d\000\040\000b\000o\000u\000n\000d\000\040\000s\000t\000a\000t\000e\000\040\000t\000r\000a\000n\000s\000i\000t\000i\000o\000n\000s}{section.246}% 64
\BOOKMARK [2][-]{subsection.252}{\376\377\0007\000.\0002\000.\0002\000\040\000P\000h\000o\000t\000o\000i\000o\000n\000i\000z\000a\000t\000i\000o\000n}{section.246}% 65
\BOOKMARK [2][-]{subsection.254}{\376\377\0007\000.\0002\000.\0003\000\040\000E\000l\000e\000c\000t\000r\000o\000n\000-\000i\000m\000p\000a\000c\000t\000\040\000e\000x\000c\000i\000t\000a\000t\000i\000o\000n}{section.246}% 66
\BOOKMARK [1][-]{section.255}{\376\377\0007\000.\0003\000\040\000R\000e\000s\000u\000l\000t\000s}{chapter.244}% 67
\BOOKMARK [2][-]{subsection.256}{\376\377\0007\000.\0003\000.\0001\000\040\000P\000h\000o\000t\000o\000i\000o\000n\000i\000z\000a\000t\000i\000o\000n}{section.255}% 68
\BOOKMARK [2][-]{subsection.261}{\376\377\0007\000.\0003\000.\0002\000\040\000E\000l\000e\000c\000t\000r\000o\000n\000-\000i\000m\000p\000a\000c\000t\000\040\000e\000x\000c\000i\000t\000a\000t\000i\000o\000n}{section.255}% 69
\BOOKMARK [2][-]{subsection.268}{\376\377\0007\000.\0003\000.\0003\000\040\000C\000o\000l\000l\000i\000s\000i\000o\000n\000a\000l\000\040\000r\000a\000d\000i\000a\000t\000i\000v\000e\000\040\000m\000o\000d\000e\000l\000l\000i\000n\000g}{section.255}% 70
\BOOKMARK [1][-]{section.273}{\376\377\0007\000.\0004\000\040\000C\000o\000n\000c\000l\000u\000s\000i\000o\000n}{chapter.244}% 71
\BOOKMARK [0][-]{chapter.275}{\376\377\0008\000\040\000C\000o\000n\000c\000l\000u\000s\000i\000o\000n\000s}{}% 72
\BOOKMARK [1][-]{section.276}{\376\377\0008\000.\0001\000\040\000S\000u\000l\000p\000h\000u\000r}{chapter.275}% 73
\BOOKMARK [1][-]{section.277}{\376\377\0008\000.\0002\000\040\000A\000r\000g\000o\000n}{chapter.275}% 74
\BOOKMARK [1][-]{section.278}{\376\377\0008\000.\0003\000\040\000C\000o\000b\000a\000l\000t}{chapter.275}% 75
\BOOKMARK [1][-]{section.279}{\376\377\0008\000.\0004\000\040\000F\000u\000t\000u\000r\000e\000\040\000w\000o\000r\000k\000\040\000-\000\040\000A\000\040\000s\000t\000u\000d\000y\000\040\000o\000f\000\040\000n\000e\000u\000t\000r\000a\000l\000\040\000n\000i\000c\000k\000e\000l}{chapter.275}% 76
\BOOKMARK [0][-]{Appendix.284}{\376\377\000A\000p\000p\000e\000n\000d\000i\000x\000\040\000A\000\040\000c\000o\000l\000l\000r\000-\000v\0001\000.\0000}{}% 77
\BOOKMARK [0][-]{dummy.287}{\376\377\000B\000i\000b\000l\000i\000o\000g\000r\000a\000p\000h\000y}{}% 78
