 --- RAdiative Transfer Output ---

   - Basic Read of Input - 
        _____________________________________________
        | Atomic Number =                        18 |
        | Number of Temperatures =                8 |
        | Number of Densities =                   4 |
        | Starting at 10^8K and finishing at 10^18K |
        | with a mesh increment of           3.3333 |
        _____________________________________________

RESERVED FOR SPECIFIC LINES NAMELIST LINE.
  - Basic Level Information -  

Total number of levels in ADF04 file:  36

_____________________________________________
| IND.|   CONFIGURATION     |  ENERGY (eV)  |
_____________________________________________
|   1 |    3p5(2P)          |       0.0000  |
|   2 |    3s3p6(2S)        |      12.8543  |
|   3 |    3p4(3P)3d(4D)    |      15.9279  |
|   4 |    3p4(3P)4s(4P)    |      16.7272  |
|   5 |    3p4(3P)3d(4F)    |      17.3408  |
|   6 |    3p4(3P)4s(2P)    |      17.3927  |
|   7 |    3p4(1D)3d(2P)    |      17.9922  |
|   8 |    3p4(3P)3d(4P)    |      18.1250  |
|   9 |    3p4(1D)3d(2D)    |      18.4706  |
|  10 |    3p4(3P)3d(2F)    |      18.5442  |
|  11 |    3p4(1D)4s(2D)    |      18.9889  |
|  12 |    3p4(1D)3d(2G)    |      19.0459  |
|  13 |    3p4(3P)4p(4P)    |      19.1869  |
|  14 |    3p4(3P)4p(4D)    |      19.5427  |
|  15 |    3p4(3P)4p(2D)    |      19.7939  |
|  16 |    3p4(3P)4p(2P)    |      20.0532  |
|  17 |    3p4(3P)4p(2S)    |      20.0765  |
|  18 |    3p4(3P)4p(4S)    |      20.0814  |
|  19 |    3p4(1D)3d(2F)    |      20.5176  |
|  20 |    3p4(1D)4p(2F)    |      21.3978  |
|  21 |    3p4(1S)4s(2S)    |      21.6441  |
|  22 |    3p4(1D)4p(2D)    |      21.8243  |
|  23 |    3p4(3P)3d(2D)    |      21.9114  |
|  24 |    3p4(3P)3d(2P)    |      22.0999  |
|  25 |    3p4(1D)4p(2P)    |      22.2372  |
|  26 |    3p4(3P)4d(4D)    |      22.7366  |
|  27 |    3p4(1S)3d(2D)    |      22.8739  |
|  28 |    3p4(3P)4d(4F)    |      22.9720  |
|  29 |    3p4(3P)4d(4P)    |      23.1329  |
|  30 |    3p4(3P)4d(2F)    |      23.2641  |
|  31 |    3p4(1D)3d(2S)    |      23.7584  |
|  32 |    3p4(1D)4d(2P)    |      24.1750  |
|  33 |    3p4(1S)4p(2P)    |      24.5108  |
|  34 |    3p4(1D)4d(2D)    |      24.7246  |
|  35 |    3p4(1D)4d(2G)    |      24.8153  |
|  36 |    3p4(1D)4d(2F)    |      25.1440  |
__________________________________________

The new left hand side values from N_i = 1 -  36 for a particular temperature and density  (normally 1 and 1)

  0.3494D-15 -0.3492D-15 -0.1491D-18 -0.4515D-20 -0.1726D-20 -0.7211D-21 -0.1174D-21 -0.5274D-22
 -0.3623D-22 -0.2221D-22 -0.4650D-23 -0.6415D-23 -0.1322D-23 -0.5894D-24 -0.3405D-24 -0.1767D-24
 -0.4327D-25 -0.3093D-25 -0.8760D-25 -0.7130D-26 -0.4023D-27 -0.7283D-27 -0.1219D-26 -0.3357D-27
 -0.2559D-27 -0.2725D-28 -0.4568D-28 -0.1250D-28 -0.4836D-29 -0.5137D-29 -0.7973D-30 -0.3794D-30
 -0.1136D-30 -0.1171D-30 -0.1426D-30 -0.2595D-31

Looking at the specific line ratio of  2->  1/  3->  1over temperatures and densities.
 -> Increasing density
   Temper.  1.0000E+08 2.1544E+11 4.6416E+14 1.0000E+18
 4.0000E+03 1.8911E+03 2.6295E+03 8.9376E+05 2.5434E+06
 8.0000E+03 2.2411E+01 3.3478E+01 1.0276E+04 2.9490E+04
 2.0000E+04 1.7191E+00 2.9547E+00 9.6478E+02 2.0505E+03
 4.0000E+04 7.5634E-01 1.3567E+00 4.6032E+02 8.5648E+02
 8.0000E+04 5.1280E-01 9.0101E-01 2.7256E+02 5.6110E+02
 2.0000E+05 4.5358E-01 7.4292E-01 1.4442E+02 4.3787E+02
 4.0000E+05 5.0977E-01 7.7173E-01 9.1694E+01 4.0359E+02
 8.0000E+05 6.1626E-01 8.5233E-01 6.0796E+01 3.8605E+02


 -> Increasing temperature
   Density  4.0000E+03 8.0000E+03 2.0000E+04 4.0000E+04 8.0000E+04 2.0000E+05 4.0000E+05 8.0000E+05
 1.0000E+08 1.8911E+03 2.2411E+01 1.7191E+00 7.5634E-01 5.1280E-01 4.5358E-01 5.0977E-01 6.1626E-01
 2.1544E+11 2.6295E+03 3.3478E+01 2.9547E+00 1.3567E+00 9.0101E-01 7.4292E-01 7.7173E-01 8.5233E-01
 4.6416E+14 8.9376E+05 1.0276E+04 9.6478E+02 4.6032E+02 2.7256E+02 1.4442E+02 9.1694E+01 6.0796E+01
 1.0000E+18 2.5434E+06 2.9490E+04 2.0505E+03 8.5648E+02 5.6110E+02 4.3787E+02 4.0359E+02 3.8605E+02

 ----END LINE RATIOS----

 LTE values (High Ne): 
            1  4.0000E+03   2.5453E+06
            2  8.0000E+03   2.9477E+04
            3  2.0000E+04   2.0311E+03
            4  4.0000E+04   8.3267E+02
            5  8.0000E+04   5.3315E+02
            6  2.0000E+05   4.0801E+02
            7  4.0000E+05   3.7320E+02
            8  8.0000E+05   3.5693E+02
 Coronal values (Low Ne):
            1  4.0000E+03   1.8907E+03
            2  8.0000E+03   2.2419E+01
            3  2.0000E+04   1.7337E+00
            4  4.0000E+04   7.6896E-01
            5  8.0000E+04   5.1409E-01
            6  2.0000E+05   4.1646E-01
            7  4.0000E+05   4.2605E-01
            8  8.0000E+05   4.7817E-01
