 The following PECs are in wavelength order
 Tolerance is =    9.9999996826552254E-021
 ------------------
 Temperature:            1
 Density:            1
           3           1   778.41122278027126        1.4903541214728901E-019
           2           1   964.53557256588351        3.4921734215616010E-016
           3           2   4033.8908655471200        0.0000000000000000     
 Density:            2
           3           1   778.41122278027126        1.2389679283641836E-015
           2           1   964.53557256588351        3.9040650215599471E-009
           3           2   4033.8908655471200        0.0000000000000000     
 Temperature:            2
 Density:            1
           3           1   778.41122278027126        1.1503936277344413E-009
           2           1   964.53557256588351        3.1960258881145862E-008
           3           2   4033.8908655471200        0.0000000000000000     
 Density:            2
           3           1   778.41122278027126        1.3401231828658976E-005
           2           1   964.53557256588351       0.48886511980278874     
           3           2   4033.8908655471200        0.0000000000000000     
 Temperature:            3
 Density:            1
           3           1   778.41122278027126        6.6318650528372661E-004
           2           1   964.53557256588351        1.4248094822807175E-003
           3           2   4033.8908655471200        0.0000000000000000     
 Density:            2
           3           1   778.41122278027126        14.046574074985005     
           2           1   964.53557256588351        35281.972673438489     
           3           2   4033.8908655471200        0.0000000000000000     
 Temperature:            4
 Density:            1
           3           1   778.41122278027126        4.0771752153066623E-002
           2           1   964.53557256588351        3.8849702302569199E-002
           3           2   4033.8908655471200        0.0000000000000000     
 Density:            2
           3           1   778.41122278027126        1426.7690232934110     
           2           1   964.53557256588351        1467860.4439617901     
           3           2   4033.8908655471200        0.0000000000000000     
 Temperature:            5
 Density:            1
           3           1   778.41122278027126       0.24366084167454605     
           2           1   964.53557256588351       0.15521745194052236     
           3           2   4033.8908655471200        0.0000000000000000     
 Density:            2
           3           1   778.41122278027126        14378.180632995338     
           2           1   964.53557256588351        9454840.3819080219     
           3           2   4033.8908655471200        0.0000000000000000     
 Temperature:            6
 Density:            1
           3           1   778.41122278027126       0.45815659854632207     
           2           1   964.53557256588351       0.23643188418784980     
           3           2   4033.8908655471200        0.0000000000000000     
 Density:            2
           3           1   778.41122278027126        57490.479409998392     
           2           1   964.53557256588351        28790550.611302201     
           3           2   4033.8908655471200        0.0000000000000000     
 Temperature:            7
 Density:            1
           3           1   778.41122278027126       0.37674217014884986     
           2           1   964.53557256588351       0.19889306707001012     
           3           2   4033.8908655471200        0.0000000000000000     
 Density:            2
           3           1   778.41122278027126        91211.156002726057     
           2           1   964.53557256588351        41476148.841248415     
           3           2   4033.8908655471200        0.0000000000000000     
 Temperature:            8
 Density:            1
           3           1   778.41122278027126       0.22971432180018500     
           2           1   964.53557256588351       0.13610666440265196     
           3           2   4033.8908655471200        0.0000000000000000     
 Density:            2
           3           1   778.41122278027126        114807.53945620180     
           2           1   964.53557256588351        49262210.866794713     
           3           2   4033.8908655471200        0.0000000000000000     
