 --- RAdiative Transfer Output ---

   - Basic Read of Input - 
        _____________________________________________
        | Atomic Number =                        18 |
        | Number of Temperatures =                8 |
        | Number of Densities =                   2 |
        | Starting at 10^8K and finishing at 10^18K |
        | with a mesh increment of           0.0000 |
        _____________________________________________

RESERVED FOR SPECIFIC LINES NAMELIST LINE.
  - Basic Level Information -  

Total number of levels in ADF04 file:   3

_____________________________________________
| IND.|   CONFIGURATION     |  ENERGY (eV)  |
_____________________________________________
|   1 |    3p5(2P)          |       0.0000  |
|   2 |    3s3p6(2S)        |      12.8543  |
|   3 |    3p4(3P)3d(4D)    |      15.9279  |
__________________________________________

The new left hand side values from N_i = 1 -   3 for a particular temperature and density  (normally 1 and 1)

  0.3494D-15 -0.3492D-15 -0.1491D-18

Looking at the specific line ratio of  2->  1/  3->  1over temperatures and densities.
 -> Increasing density
   Temper.  1.0000E+08 1.0000E+18
 4.0000E+03 1.8910E+03 2.5430E+06
 8.0000E+03 2.2421E+01 2.9440E+04
 2.0000E+04 1.7339E+00 2.0271E+03
 4.0000E+04 7.6899E-01 8.3027E+02
 8.0000E+04 5.1410E-01 5.3069E+02
 2.0000E+05 4.1647E-01 4.0415E+02
 4.0000E+05 4.2606E-01 3.6698E+02
 8.0000E+05 4.7817E-01 3.4629E+02


 -> Increasing temperature
   Density  4.0000E+03 8.0000E+03 2.0000E+04 4.0000E+04 8.0000E+04 2.0000E+05 4.0000E+05 8.0000E+05
 1.0000E+08 1.8910E+03 2.2421E+01 1.7339E+00 7.6899E-01 5.1410E-01 4.1647E-01 4.2606E-01 4.7817E-01
 1.0000E+18 2.5430E+06 2.9440E+04 2.0271E+03 8.3027E+02 5.3069E+02 4.0415E+02 3.6698E+02 3.4629E+02

 ----END LINE RATIOS----

 LTE values (High Ne): 
            1  4.0000E+03   2.5453E+06
            2  8.0000E+03   2.9477E+04
            3  2.0000E+04   2.0311E+03
            4  4.0000E+04   8.3267E+02
            5  8.0000E+04   5.3315E+02
            6  2.0000E+05   4.0801E+02
            7  4.0000E+05   3.7320E+02
            8  8.0000E+05   3.5693E+02
 Coronal values (Low Ne):
            1  4.0000E+03   1.8907E+03
            2  8.0000E+03   2.2419E+01
            3  2.0000E+04   1.7337E+00
            4  4.0000E+04   7.6896E-01
            5  8.0000E+04   5.1409E-01
            6  2.0000E+05   4.1646E-01
            7  4.0000E+05   4.2605E-01
            8  8.0000E+05   4.7817E-01
